-*- mode: compilation; default-directory: "~/ece651-sp22-as1134-battleship/app/" -*-
Compilation started at Thu Feb  3 17:07:52

/usr/local/bin/gradle clean cloverGenerateReport
> Task :app:clean
> Task :app:compileJava
> Task :app:processResources NO-SOURCE
> Task :app:classes
> Task :app:compileTestJava
> Task :app:processTestResources
> Task :app:testClasses
> Task :app:cloverInstrumentCodeForTest

> Task :app:test FAILED

RectangleShipTest > test_coordinate() STANDARD_OUT
    (1, 0)
    (0, 0)

TextPlayerTest > moveship3() FAILED
    org.opentest4j.AssertionFailedError: expected: <which ship do you want to move?
    Please enter a new placement for you ship
    That placement is invalid: the ship overlaps another ship.
    > but was: <which ship do you want to move?
    Please enter a new placement for you ship
    you collides with another ship
    >
        at app//org.junit.jupiter.api.AssertionUtils.fail(AssertionUtils.java:55)
        at app//org.junit.jupiter.api.AssertionUtils.failNotEqual(AssertionUtils.java:62)
        at app//org.junit.jupiter.api.AssertEquals.assertEquals(AssertEquals.java:182)
        at app//org.junit.jupiter.api.AssertEquals.assertEquals(AssertEquals.java:177)
        at app//org.junit.jupiter.api.Assertions.assertEquals(Assertions.java:1124)
        at app//ece651.sp22.as1134.battleship.TextPlayerTest.moveship3(Unknown Source)

TextPlayerTest > test_play_one_turn2() FAILED
    org.opentest4j.AssertionFailedError: expected: <F Fire at a square
    M Move a ship to another square (2 remaining)
    S Sonar scan (1 remaining)
    Player A, what would you like to do?

    which ship do you want to move?
    Please enter a new placement for you ship
         Your ocean                           Player B's ocean
      0|1|2|3|4|5|6|7|8|9                    0|1|2|3|4|5|6|7|8|9
    A  | | | | | | |s|*|  A                A  | | | | | | | | |  A
      0|1|2|3|4|5|6|7|8|9                    0|1|2|3|4|5|6|7|8|9

    > but was: <     Your ocean                           Player B's ocean
      0|1|2|3|4|5|6|7|8|9                    0|1|2|3|4|5|6|7|8|9
    A s|*| | | | | | | |  A                A  | | | | | | | | |  A
      0|1|2|3|4|5|6|7|8|9                    0|1|2|3|4|5|6|7|8|9

    F Fire at a square
    M Move a ship to another square (2 remaining)
    S Sonar scan (1 remaining)
    Player A, what would you like to do?

    which ship do you want to move?
    Please enter a new placement for you ship
    That placement is invalid: the ship goes off the right of the board.
         Your ocean                           Player B's ocean
      0|1|2|3|4|5|6|7|8|9                    0|1|2|3|4|5|6|7|8|9
    A s|*| | | | | | | |  A                A  | | | | | | | | |  A
      0|1|2|3|4|5|6|7|8|9                    0|1|2|3|4|5|6|7|8|9

    >
        at app//org.junit.jupiter.api.AssertionUtils.fail(AssertionUtils.java:55)
        at app//org.junit.jupiter.api.AssertionUtils.failNotEqual(AssertionUtils.java:62)
        at app//org.junit.jupiter.api.AssertEquals.assertEquals(AssertEquals.java:182)
        at app//org.junit.jupiter.api.AssertEquals.assertEquals(AssertEquals.java:177)
        at app//org.junit.jupiter.api.Assertions.assertEquals(Assertions.java:1124)
        at app//ece651.sp22.as1134.battleship.TextPlayerTest.test_play_one_turn2(Unknown Source)

51 tests completed, 2 failed, 2 skipped

FAILURE: Build failed with an exception.

* What went wrong:
Execution failed for task ':app:test'.
> There were failing tests. See the report at: file:///Users/songairu/ece651-sp22-as1134-battleship/app/build/reports/tests/test/index.html

* Try:
> Run with --stacktrace option to get the stack trace.
> Run with --info or --debug option to get more log output.
> Run with --scan to get full insights.

* Get more help at https://help.gradle.org

Deprecated Gradle features were used in this build, making it incompatible with Gradle 8.0.

You can use '--warning-mode all' to show the individual deprecation warnings and determine if they come from your own scripts or plugins.

See https://docs.gradle.org/7.3.3/userguide/command_line_interface.html#sec:command_line_warnings

BUILD FAILED in 3s
6 actionable tasks: 6 executed

Compilation exited abnormally with code 1 at Thu Feb  3 17:07:56
